<?xml version="1.0" encoding="UTF-8"?>
<testng-results ignored="0" total="4" passed="4" failed="0" skipped="0">
  <reporter-output>
  </reporter-output>
  <suite started-at="2026-08-13T14:30:28 IST" name="Automation Suite" finished-at="2026-08-13T14:30:47 IST" duration-ms="19299">
    <groups>
    </groups>
    <test started-at="2026-08-13T14:30:28 IST" name="Edge Test" finished-at="2026-08-13T14:30:46 IST" duration-ms="18567">
      <class name="com.automation.framework.tests.LoginTest">
        <test-method is-config="true" signature="setUp(java.lang.String)[pri:0, instance:com.automation.framework.tests.LoginTest@34bde49d]" started-at="2026-08-13T14:30:29 IST" name="setUp" finished-at="2026-08-13T14:30:34 IST" duration-ms="5269" status="PASS">
          <params>
            <param index="0">
              <value>
                <![CDATA[edge]]>
              </value>
            </param>
          </params>
          <reporter-output>
          </reporter-output>
        </test-method> <!-- setUp -->
        <test-method signature="loginTest(java.lang.String,java.lang.String,java.lang.String,java.lang.String)[pri:0, instance:com.automation.framework.tests.LoginTest@34bde49d]" started-at="2026-08-13T14:30:34 IST" name="loginTest" data-provider="loginData" finished-at="2026-08-13T14:30:37 IST" duration-ms="3637" status="PASS">
          <params>
            <param index="0">
              <value>
                <![CDATA[Login_001]]>
              </value>
            </param>
            <param index="1">
              <value>
                <![CDATA[Verify login with valid credentials]]>
              </value>
            </param>
            <param index="2">
              <value>
                <![CDATA[student]]>
              </value>
            </param>
            <param index="3">
              <value>
                <![CDATA[Password123]]>
              </value>
            </param>
          </params>
          <reporter-output>
          </reporter-output>
        </test-method> <!-- loginTest -->
        <test-method is-config="true" signature="tearDown()[pri:0, instance:com.automation.framework.tests.LoginTest@34bde49d]" started-at="2026-08-13T14:30:38 IST" name="tearDown" finished-at="2026-08-13T14:30:41 IST" duration-ms="2484" status="PASS">
          <reporter-output>
          </reporter-output>
        </test-method> <!-- tearDown -->
        <test-method is-config="true" signature="setUp(java.lang.String)[pri:0, instance:com.automation.framework.tests.LoginTest@34bde49d]" started-at="2026-08-13T14:30:41 IST" name="setUp" finished-at="2026-08-13T14:30:44 IST" duration-ms="3404" status="PASS">
          <params>
            <param index="0">
              <value>
                <![CDATA[edge]]>
              </value>
            </param>
          </params>
          <reporter-output>
          </reporter-output>
        </test-method> <!-- setUp -->
        <test-method signature="loginTest(java.lang.String,java.lang.String,java.lang.String,java.lang.String)[pri:0, instance:com.automation.framework.tests.LoginTest@34bde49d]" started-at="2026-08-13T14:30:44 IST" name="loginTest" data-provider="loginData" finished-at="2026-08-13T14:30:45 IST" duration-ms="794" status="PASS">
          <params>
            <param index="0">
              <value>
                <![CDATA[Login_002]]>
              </value>
            </param>
            <param index="1">
              <value>
                <![CDATA[Verify login with incorrect credentials]]>
              </value>
            </param>
            <param index="2">
              <value>
                <![CDATA[student2]]>
              </value>
            </param>
            <param index="3">
              <value>
                <![CDATA[Password456]]>
              </value>
            </param>
          </params>
          <reporter-output>
          </reporter-output>
        </test-method> <!-- loginTest -->
        <test-method is-config="true" signature="tearDown()[pri:0, instance:com.automation.framework.tests.LoginTest@34bde49d]" started-at="2026-08-13T14:30:45 IST" name="tearDown" finished-at="2026-08-13T14:30:46 IST" duration-ms="925" status="PASS">
          <reporter-output>
          </reporter-output>
        </test-method> <!-- tearDown -->
      </class> <!-- com.automation.framework.tests.LoginTest -->
    </test> <!-- Edge Test -->
    <test started-at="2026-08-13T14:30:28 IST" name="Chrome Test" finished-at="2026-08-13T14:30:47 IST" duration-ms="19299">
      <class name="com.automation.framework.tests.LoginTest">
        <test-method is-config="true" signature="setUp(java.lang.String)[pri:0, instance:com.automation.framework.tests.LoginTest@7e057f43]" started-at="2026-08-13T14:30:29 IST" name="setUp" finished-at="2026-08-13T14:30:37 IST" duration-ms="8572" status="PASS">
          <params>
            <param index="0">
              <value>
                <![CDATA[chrome]]>
              </value>
            </param>
          </params>
          <reporter-output>
          </reporter-output>
        </test-method> <!-- setUp -->
        <test-method signature="loginTest(java.lang.String,java.lang.String,java.lang.String,java.lang.String)[pri:0, instance:com.automation.framework.tests.LoginTest@7e057f43]" started-at="2026-08-13T14:30:37 IST" name="loginTest" data-provider="loginData" finished-at="2026-08-13T14:30:40 IST" duration-ms="2386" status="PASS">
          <params>
            <param index="0">
              <value>
                <![CDATA[Login_001]]>
              </value>
            </param>
            <param index="1">
              <value>
                <![CDATA[Verify login with valid credentials]]>
              </value>
            </param>
            <param index="2">
              <value>
                <![CDATA[student]]>
              </value>
            </param>
            <param index="3">
              <value>
                <![CDATA[Password123]]>
              </value>
            </param>
          </params>
          <reporter-output>
          </reporter-output>
        </test-method> <!-- loginTest -->
        <test-method is-config="true" signature="tearDown()[pri:0, instance:com.automation.framework.tests.LoginTest@7e057f43]" started-at="2026-08-13T14:30:40 IST" name="tearDown" finished-at="2026-08-13T14:30:40 IST" duration-ms="350" status="PASS">
          <reporter-output>
          </reporter-output>
        </test-method> <!-- tearDown -->
        <test-method is-config="true" signature="setUp(java.lang.String)[pri:0, instance:com.automation.framework.tests.LoginTest@7e057f43]" started-at="2026-08-13T14:30:40 IST" name="setUp" finished-at="2026-08-13T14:30:46 IST" duration-ms="5582" status="PASS">
          <params>
            <param index="0">
              <value>
                <![CDATA[chrome]]>
              </value>
            </param>
          </params>
          <reporter-output>
          </reporter-output>
        </test-method> <!-- setUp -->
        <test-method signature="loginTest(java.lang.String,java.lang.String,java.lang.String,java.lang.String)[pri:0, instance:com.automation.framework.tests.LoginTest@7e057f43]" started-at="2026-08-13T14:30:46 IST" name="loginTest" data-provider="loginData" finished-at="2026-08-13T14:30:46 IST" duration-ms="550" status="PASS">
          <params>
            <param index="0">
              <value>
                <![CDATA[Login_002]]>
              </value>
            </param>
            <param index="1">
              <value>
                <![CDATA[Verify login with incorrect credentials]]>
              </value>
            </param>
            <param index="2">
              <value>
                <![CDATA[student2]]>
              </value>
            </param>
            <param index="3">
              <value>
                <![CDATA[Password456]]>
              </value>
            </param>
          </params>
          <reporter-output>
          </reporter-output>
        </test-method> <!-- loginTest -->
        <test-method is-config="true" signature="tearDown()[pri:0, instance:com.automation.framework.tests.LoginTest@7e057f43]" started-at="2026-08-13T14:30:46 IST" name="tearDown" finished-at="2026-08-13T14:30:47 IST" duration-ms="391" status="PASS">
          <reporter-output>
          </reporter-output>
        </test-method> <!-- tearDown -->
      </class> <!-- com.automation.framework.tests.LoginTest -->
    </test> <!-- Chrome Test -->
  </suite> <!-- Automation Suite -->
</testng-results>
