<?xml version="1.0" encoding="UTF-8"?>
<!-- Generated by org.testng.reporters.JUnitReportReporter -->
<testsuite hostname="DESKTOP-KTDCNDO" failures="0" tests="4" name="com.automation.framework.tests.LoginTest" time="34.344" errors="0" timestamp="2026-08-13T14:30:57 IST" skipped="0">
  <testcase classname="com.automation.framework.tests.LoginTest" name="loginTest" time="7.966"/>
  <testcase classname="com.automation.framework.tests.LoginTest" name="loginTest" time="9.472"/>
  <testcase classname="com.automation.framework.tests.LoginTest" name="loginTest" time="8.547"/>
  <testcase classname="com.automation.framework.tests.LoginTest" name="loginTest" time="8.359"/>
</testsuite> <!-- com.automation.framework.tests.LoginTest -->
